[2025-10-06T18:23:56.984+0000] {taskinstance.py:1956} INFO - Dependencies all met for dep_context=non-requeueable deps ti=<TaskInstance: inventory_analytics_pipeline.create_inventory_table manual__2025-10-06T18:23:45.366414+00:00 [queued]>
[2025-10-06T18:23:57.006+0000] {taskinstance.py:1956} INFO - Dependencies all met for dep_context=requeueable deps ti=<TaskInstance: inventory_analytics_pipeline.create_inventory_table manual__2025-10-06T18:23:45.366414+00:00 [queued]>
[2025-10-06T18:23:57.008+0000] {taskinstance.py:2170} INFO - Starting attempt 1 of 2
[2025-10-06T18:23:57.047+0000] {taskinstance.py:2191} INFO - Executing <Task(PythonOperator): create_inventory_table> on 2025-10-06 18:23:45.366414+00:00
[2025-10-06T18:23:57.066+0000] {standard_task_runner.py:60} INFO - Started process 930 to run task
[2025-10-06T18:23:57.076+0000] {standard_task_runner.py:87} INFO - Running: ['***', 'tasks', 'run', 'inventory_analytics_pipeline', 'create_inventory_table', 'manual__2025-10-06T18:23:45.366414+00:00', '--job-id', '17', '--raw', '--subdir', 'DAGS_FOLDER/inventory_analytics_pipeline.py', '--cfg-path', '/tmp/tmpd_f9cbss']
[2025-10-06T18:23:57.085+0000] {standard_task_runner.py:88} INFO - Job 17: Subtask create_inventory_table
[2025-10-06T18:23:57.268+0000] {logging_mixin.py:188} WARNING - /home/***/.local/lib/python3.8/site-packages/***/settings.py:194 DeprecationWarning: The sql_alchemy_conn option in [core] has been moved to the sql_alchemy_conn option in [database] - the old setting has been used, but please update your config.
[2025-10-06T18:23:58.375+0000] {task_command.py:423} INFO - Running <TaskInstance: inventory_analytics_pipeline.create_inventory_table manual__2025-10-06T18:23:45.366414+00:00 [running]> on host ea4788e59d79
[2025-10-06T18:24:00.219+0000] {taskinstance.py:2480} INFO - Exporting env vars: AIRFLOW_CTX_DAG_OWNER='***' AIRFLOW_CTX_DAG_ID='inventory_analytics_pipeline' AIRFLOW_CTX_TASK_ID='create_inventory_table' AIRFLOW_CTX_EXECUTION_DATE='2025-10-06T18:23:45.366414+00:00' AIRFLOW_CTX_TRY_NUMBER='1' AIRFLOW_CTX_DAG_RUN_ID='manual__2025-10-06T18:23:45.366414+00:00'
[2025-10-06T18:24:00.707+0000] {base.py:83} INFO - Using connection ID 'postgres_default' for task execution.
[2025-10-06T18:24:00.769+0000] {sql.py:450} INFO - Running statement: 
    CREATE TABLE IF NOT EXISTS inventory (
        id SERIAL PRIMARY KEY,
        product_name VARCHAR(100),
        quantity INTEGER,
        warehouse VARCHAR(50)
    );
    , parameters: None
[2025-10-06T18:24:00.958+0000] {base.py:83} INFO - Using connection ID 'postgres_default' for task execution.
[2025-10-06T18:24:00.975+0000] {sql.py:450} INFO - Running statement: DELETE FROM inventory;, parameters: None
[2025-10-06T18:24:00.998+0000] {sql.py:459} INFO - Rows affected: 4
[2025-10-06T18:24:01.121+0000] {base.py:83} INFO - Using connection ID 'postgres_default' for task execution.
[2025-10-06T18:24:01.185+0000] {sql.py:450} INFO - Running statement: 
    INSERT INTO inventory (product_name, quantity, warehouse)
    VALUES
        ('Laptop', 10, 'Warehouse A'),
        ('Mouse', 50, 'Warehouse B'),
        ('Keyboard', 30, 'Warehouse A'),
        ('Monitor', 15, 'Warehouse B');
    , parameters: None
[2025-10-06T18:24:01.248+0000] {sql.py:459} INFO - Rows affected: 4
[2025-10-06T18:24:01.340+0000] {logging_mixin.py:188} INFO - ✅ Inventory table created and sample data inserted successfully
[2025-10-06T18:24:01.354+0000] {python.py:201} INFO - Done. Returned value was: None
[2025-10-06T18:24:01.479+0000] {taskinstance.py:1138} INFO - Marking task as SUCCESS. dag_id=inventory_analytics_pipeline, task_id=create_inventory_table, execution_date=20251006T182345, start_date=20251006T182356, end_date=20251006T182401
[2025-10-06T18:24:01.780+0000] {local_task_job_runner.py:234} INFO - Task exited with return code 0
[2025-10-06T18:24:02.316+0000] {taskinstance.py:3280} INFO - 1 downstream tasks scheduled from follow-on schedule check
